<?xml version="1.0" encoding="UTF-8" ?>
<testsuite errors="0" failures="0" name="gov.ymp.csiTest.UNID.TestUHash" tests="1" time="0.593">
  <properties>
    <property name="java.vendor" value="Sun Microsystems Inc."></property>
    <property name="sun.java.launcher" value="SUN_STANDARD"></property>
    <property name="catalina.base" value="C:/Program Files/Apache Software Foundation/Tomcat 5.0/"></property>
    <property name="eclipse.pdebuild.templates" value="/C:/eclipse/plugins/org.eclipse.pde.build_3.2.1.r321_v20060823/templates/"></property>
    <property name="sun.management.compiler" value="HotSpot Client Compiler"></property>
    <property name="os.name" value="Windows XP"></property>
    <property name="sun.boot.class.path" value="C:\Program Files\Java\jdk1.6.0_03\jre\lib\resources.jar;C:\Program Files\Java\jdk1.6.0_03\jre\lib\rt.jar;C:\Program Files\Java\jdk1.6.0_03\jre\lib\sunrsasign.jar;C:\Program Files\Java\jdk1.6.0_03\jre\lib\jsse.jar;C:\Program Files\Java\jdk1.6.0_03\jre\lib\jce.jar;C:\Program Files\Java\jdk1.6.0_03\jre\lib\charsets.jar;C:\Program Files\Java\jdk1.6.0_03\jre\classes"></property>
    <property name="sun.desktop" value="windows"></property>
    <property name="java.vm.specification.vendor" value="Sun Microsystems Inc."></property>
    <property name="ant.home" value="C:\eclipse\plugins\org.apache.ant_1.6.5"></property>
    <property name="java.runtime.version" value="1.6.0_03-b05"></property>
    <property name="src.home" value="C:\file_checkout_dir\csi/src"></property>
    <property name="user.name" value="patelr"></property>
    <property name="web.home" value="C:\file_checkout_dir\csi/web"></property>
    <property name="manager.password" value="admin"></property>
    <property name="reports" value="reports"></property>
    <property name="etc.home" value="C:\file_checkout_dir\csi/etc"></property>
    <property name="user.language" value="en"></property>
    <property name="sun.boot.library.path" value="C:\Program Files\Java\jdk1.6.0_03\jre\bin"></property>
    <property name="deploy.home" value="C:/Program Files/Apache Software Foundation/Tomcat 5.0//webapps/csi"></property>
    <property name="docs.home" value="C:\file_checkout_dir\csi/docs"></property>
    <property name="ant.project.name" value="CSI"></property>
    <property name="java.version" value="1.6.0_03"></property>
    <property name="user.timezone" value=""></property>
    <property name="sun.arch.data.model" value="32"></property>
    <property name="compile.optimize" value="true"></property>
    <property name="java.endorsed.dirs" value="C:\Program Files\Java\jdk1.6.0_03\jre\lib\endorsed"></property>
    <property name="sun.cpu.isalist" value="pentium_pro+mmx pentium_pro pentium+mmx pentium i486 i386 i86"></property>
    <property name="sun.jnu.encoding" value="Cp1252"></property>
    <property name="file.encoding.pkg" value="sun.io"></property>
    <property name="file.separator" value="\"></property>
    <property name="java.specification.name" value="Java Platform API Specification"></property>
    <property name="java.class.version" value="50.0"></property>
    <property name="build.home" value="C:\file_checkout_dir\csi/build"></property>
    <property name="manager.username" value="admin"></property>
    <property name="user.country" value="US"></property>
    <property name="java.home" value="C:\Program Files\Java\jdk1.6.0_03\jre"></property>
    <property name="java.vm.info" value="mixed mode"></property>
    <property name="ant.file" value="C:\file_checkout_dir\csi\build.xml"></property>
    <property name="os.version" value="5.1"></property>
    <property name="ant.file.CSI" value="C:\file_checkout_dir\csi\build.xml"></property>
    <property name="path.separator" value=";"></property>
    <property name="manager.url" value="http://localhost:8080/manager"></property>
    <property name="java.vm.version" value="1.6.0_03-b05"></property>
    <property name="user.variant" value=""></property>
    <property name="ant.library.dir" value="C:\eclipse\plugins\org.apache.ant_1.6.5\lib"></property>
    <property name="java.awt.printerjob" value="sun.awt.windows.WPrinterJob"></property>
    <property name="sun.io.unicode.encoding" value="UnicodeLittle"></property>
    <property name="awt.toolkit" value="sun.awt.windows.WToolkit"></property>
    <property name="eclipse.pdebuild.scripts" value="/C:/eclipse/plugins/org.eclipse.pde.build_3.2.1.r321_v20060823/scripts/"></property>
    <property name="user.home" value="C:\Documents and Settings\patelr"></property>
    <property name="java.specification.vendor" value="Sun Microsystems Inc."></property>
    <property name="app.path" value="/csi"></property>
    <property name="java.library.path" value="C:\Program Files\Java\jdk1.6.0_03\jre\bin;.;C:\WINDOWS\Sun\Java\bin;C:\WINDOWS\system32;C:\WINDOWS;C:\Documentum\Shared;D:\oracle\ora90\bin;C:\Program Files\Oracle\jre\1.1.8\bin;C:\FileNET\IDM;C:\WINDOWS\system32;C:\WINDOWS;C:\WINDOWS\System32\Wbem;C:\Program Files\ATI Technologies\ATI.ACE\;C:\PROGRA~1\MICROS~2\Office;C:\Program Files\Java\jdk1.6.0_03\bin;c:\ant\bin;C:\Program Files\Java\jdk1.6.0_03\bin\keytool;C:\Program Files\Java\jdk1.6.0_03\jre\lib\security\cacerts;C:\Program Files\commons-fileupload-1.2\lib;C:\Program Files\Apache Software Foundation\Tomcat 5.0\common\lib;C:\Program Files\commons-io-1.3.1;C:\Documentum\Shared;D:\oracle\ora90\bin;C:\Program Files\Oracle\jre\1.1.8\bin;C:\FileNET\IDM;C:\WINDOWS\system32;C:\WINDOWS;C:\WINDOWS\System32\Wbem;C:\Program Files\ATI Technologies\ATI.ACE\;C:\PROGRA~1\MICROS~2\Office;C:\Program Files\Java\jdk1.6.0_03\bin;c:\ant\bin;C:\Program Files\Apache Software Foundation\Tomcat 5.5\shared\lib\dfc.jar;C:\Program Files\Apache Software Foundation\Tomcat 5.5\shared\lib\dctm.jar"></property>
    <property name="java.vendor.url" value="http://java.sun.com/"></property>
    <property name="java.vm.vendor" value="Sun Microsystems Inc."></property>
    <property name="java.runtime.name" value="Java(TM) SE Runtime Environment"></property>
    <property name="java.class.path" value="C:\Program Files\Apache Software Foundation\Tomcat 5.0\common\classes;C:\Program Files\Apache Software Foundation\Tomcat 5.0\shared\classes;C:\documentum\config;C:\file_checkout_dir\csi\lib;C:\file_checkout_dir\csi\build\WEB-INF\classes;C:\Program Files\Apache Software Foundation\Tomcat 5.0\common\endorsed\xercesImpl.jar;C:\Program Files\Apache Software Foundation\Tomcat 5.0\common\endorsed\xml-apis.jar;C:\Program Files\Apache Software Foundation\Tomcat 5.0\common\lib\ant-launcher.jar;C:\Program Files\Apache Software Foundation\Tomcat 5.0\common\lib\ant.jar;C:\Program Files\Apache Software Foundation\Tomcat 5.0\common\lib\commons-collections-3.1.jar;C:\Program Files\Apache Software Foundation\Tomcat 5.0\common\lib\commons-dbcp-1.2.1.jar;C:\Program Files\Apache Software Foundation\Tomcat 5.0\common\lib\commons-el.jar;C:\Program Files\Apache Software Foundation\Tomcat 5.0\common\lib\commons-pool-1.2.jar;C:\Program Files\Apache Software Foundation\Tomcat 5.0\common\lib\jasper-compiler.jar;C:\Program Files\Apache Software Foundation\Tomcat 5.0\common\lib\jasper-runtime.jar;C:\Program Files\Apache Software Foundation\Tomcat 5.0\common\lib\jsp-api.jar;C:\Program Files\Apache Software Foundation\Tomcat 5.0\common\lib\naming-common.jar;C:\Program Files\Apache Software Foundation\Tomcat 5.0\common\lib\naming-factory.jar;C:\Program Files\Apache Software Foundation\Tomcat 5.0\common\lib\naming-java.jar;C:\Program Files\Apache Software Foundation\Tomcat 5.0\common\lib\naming-resources.jar;C:\Program Files\Apache Software Foundation\Tomcat 5.0\common\lib\servlet-api.jar;C:\Program Files\Apache Software Foundation\Tomcat 5.0\common\lib\tools.jar;C:\Program Files\Apache Software Foundation\Tomcat 5.0\shared\lib\All-MB.jar;C:\Program Files\Apache Software Foundation\Tomcat 5.0\shared\lib\DDS.jar;C:\Program Files\Apache Software Foundation\Tomcat 5.0\shared\lib\Dart.jar;C:\Program Files\Apache Software Foundation\Tomcat 5.0\shared\lib\activation.jar;C:\Program Files\Apache Software Foundation\Tomcat 5.0\shared\lib\ant-1.5.3.jar;C:\Program Files\Apache Software Foundation\Tomcat 5.0\shared\lib\ant-antlr-1.6.5.jar;C:\Program Files\Apache Software Foundation\Tomcat 5.0\shared\lib\ant-junit-1.6.5.jar;C:\Program Files\Apache Software Foundation\Tomcat 5.0\shared\lib\ant-launcher-1.6.5.jar;C:\Program Files\Apache Software Foundation\Tomcat 5.0\shared\lib\ant-optional-1.5.3.jar;C:\Program Files\Apache Software Foundation\Tomcat 5.0\shared\lib\ant-swing-1.6.5.jar;C:\Program Files\Apache Software Foundation\Tomcat 5.0\shared\lib\antlr-2.7.4.jar;C:\Program Files\Apache Software Foundation\Tomcat 5.0\shared\lib\antlr.jar;C:\Program Files\Apache Software Foundation\Tomcat 5.0\shared\lib\asm-attrs.jar;C:\Program Files\Apache Software Foundation\Tomcat 5.0\shared\lib\asm.jar;C:\Program Files\Apache Software Foundation\Tomcat 5.0\shared\lib\autonomyACIClientAPIs.jar;C:\Program Files\Apache Software Foundation\Tomcat 5.0\shared\lib\autonomyACIServicesAPI4.6.1.jar;C:\Program Files\Apache Software Foundation\Tomcat 5.0\shared\lib\autonomyPiB.jar;C:\Program Files\Apache Software Foundation\Tomcat 5.0\shared\lib\bpmutil.jar;C:\Program Files\Apache Software Foundation\Tomcat 5.0\shared\lib\bsf.jar;C:\Program Files\Apache Software Foundation\Tomcat 5.0\shared\lib\c3p0-0.9.0.jar;C:\Program Files\Apache Software Foundation\Tomcat 5.0\shared\lib\catalina-ant.jar;C:\Program Files\Apache Software Foundation\Tomcat 5.0\shared\lib\cglib-2.1.3.jar;C:\Program Files\Apache Software Foundation\Tomcat 5.0\shared\lib\ci.jar;C:\Program Files\Apache Software Foundation\Tomcat 5.0\shared\lib\classes12.jar;C:\Program Files\Apache Software Foundation\Tomcat 5.0\shared\lib\cleanimports.jar;C:\Program Files\Apache Software Foundation\Tomcat 5.0\shared\lib\commons-beanutils.jar;C:\Program Files\Apache Software Foundation\Tomcat 5.0\shared\lib\commons-collections-2.1.1.jar;C:\Program Files\Apache Software Foundation\Tomcat 5.0\shared\lib\commons-dbcp-1.2.1.jar;C:\Program Files\Apache Software Foundation\Tomcat 5.0\shared\lib\commons-digester.jar;C:\Program Files\Apache Software Foundation\Tomcat 5.0\shared\lib\commons-fileupload-1.1.jar;C:\Program Files\Apache Software Foundation\Tomcat 5.0\shared\lib\commons-lang-1.0.1.jar;C:\Program Files\Apache Software Foundation\Tomcat 5.0\shared\lib\commons-logging-1.0.4.jar;C:\Program Files\Apache Software Foundation\Tomcat 5.0\shared\lib\commons-pool-1.2.jar;C:\Program Files\Apache Software Foundation\Tomcat 5.0\shared\lib\commons-validator.jar;C:\Program Files\Apache Software Foundation\Tomcat 5.0\shared\lib\concurrent-1.3.3.jar;C:\Program Files\Apache Software Foundation\Tomcat 5.0\shared\lib\connector.jar;C:\Program Files\Apache Software Foundation\Tomcat 5.0\shared\lib\cos-multipart.jar;C:\Program Files\Apache Software Foundation\Tomcat 5.0\shared\lib\dctm.jar;C:\Program Files\Apache Software Foundation\Tomcat 5.0\shared\lib\dfc.jar;C:\Program Files\Apache Software Foundation\Tomcat 5.0\shared\lib\dfcbase.jar;C:\Program Files\Apache Software Foundation\Tomcat 5.0\shared\lib\dom.jar;C:\Program Files\Apache Software Foundation\Tomcat 5.0\shared\lib\dom4j-1.6.1.jar;C:\Program Files\Apache Software Foundation\Tomcat 5.0\shared\lib\ehcache-1.1.jar;C:\Program Files\Apache Software Foundation\Tomcat 5.0\shared\lib\hibernate-tools.jar;C:\Program Files\Apache Software Foundation\Tomcat 5.0\shared\lib\hibernate2.jar;C:\Program Files\Apache Software Foundation\Tomcat 5.0\shared\lib\hibernate3.jar;C:\Program Files\Apache Software Foundation\Tomcat 5.0\shared\lib\hsqldb.jar;C:\Program Files\Apache Software Foundation\Tomcat 5.0\shared\lib\j4j.jar;C:\Program Files\Apache Software Foundation\Tomcat 5.0\shared\lib\jaas.jar;C:\Program Files\Apache Software Foundation\Tomcat 5.0\shared\lib\jacc-1_0-fr.jar;C:\Program Files\Apache Software Foundation\Tomcat 5.0\shared\lib\jakarta-oro-2.0.8.jar;C:\Program Files\Apache Software Foundation\Tomcat 5.0\shared\lib\jakarta-oro.jar;C:\Program Files\Apache Software Foundation\Tomcat 5.0\shared\lib\jaxen-1.1-beta-7.jar;C:\Program Files\Apache Software Foundation\Tomcat 5.0\shared\lib\jaxen-full.jar;C:\Program Files\Apache Software Foundation\Tomcat 5.0\shared\lib\jaxp-api.jar;C:\Program Files\Apache Software Foundation\Tomcat 5.0\shared\lib\jboss-cache.jar;C:\Program Files\Apache Software Foundation\Tomcat 5.0\shared\lib\jboss-common.jar;C:\Program Files\Apache Software Foundation\Tomcat 5.0\shared\lib\jboss-jmx.jar;C:\Program Files\Apache Software Foundation\Tomcat 5.0\shared\lib\jboss-system.jar;C:\Program Files\Apache Software Foundation\Tomcat 5.0\shared\lib\jcs-1.0-dev.jar;C:\Program Files\Apache Software Foundation\Tomcat 5.0\shared\lib\jdbc2_0-stdext.jar;C:\Program Files\Apache Software Foundation\Tomcat 5.0\shared\lib\jdom.jar;C:\Program Files\Apache Software Foundation\Tomcat 5.0\shared\lib\jgroups-2.2.8.jar;C:\Program Files\Apache Software Foundation\Tomcat 5.0\shared\lib\jsf-api.jar;C:\Program Files\Apache Software Foundation\Tomcat 5.0\shared\lib\jsf-impl.jar;C:\Program Files\Apache Software Foundation\Tomcat 5.0\shared\lib\jstl.jar;C:\Program Files\Apache Software Foundation\Tomcat 5.0\shared\lib\jta.jar;C:\Program Files\Apache Software Foundation\Tomcat 5.0\shared\lib\junit-3.8.1.jar;C:\Program Files\Apache Software Foundation\Tomcat 5.0\shared\lib\log4j-1.2.11.jar;C:\Program Files\Apache Software Foundation\Tomcat 5.0\shared\lib\log4j.jar;C:\Program Files\Apache Software Foundation\Tomcat 5.0\shared\lib\mail.jar;C:\Program Files\Apache Software Foundation\Tomcat 5.0\shared\lib\ocrs12.jar;C:\Program Files\Apache Software Foundation\Tomcat 5.0\shared\lib\odmg-3.0.jar;C:\Program Files\Apache Software Foundation\Tomcat 5.0\shared\lib\offline.jar;C:\Program Files\Apache Software Foundation\Tomcat 5.0\shared\lib\ognl.jar;C:\Program Files\Apache Software Foundation\Tomcat 5.0\shared\lib\ojdbc14.jar;C:\Program Files\Apache Software Foundation\Tomcat 5.0\shared\lib\oscache-2.0.jar;C:\Program Files\Apache Software Foundation\Tomcat 5.0\shared\lib\oscache-2.1.jar;C:\Program Files\Apache Software Foundation\Tomcat 5.0\shared\lib\oscore.jar;C:\Program Files\Apache Software Foundation\Tomcat 5.0\shared\lib\pell-multipart.jar;C:\Program Files\Apache Software Foundation\Tomcat 5.0\shared\lib\proxool-0.8.3.jar;C:\Program Files\Apache Software Foundation\Tomcat 5.0\shared\lib\sax.jar;C:\Program Files\Apache Software Foundation\Tomcat 5.0\shared\lib\saxpath.jar;C:\Program Files\Apache Software Foundation\Tomcat 5.0\shared\lib\servlet-api.jar;C:\Program Files\Apache Software Foundation\Tomcat 5.0\shared\lib\servlet.jar;C:\Program Files\Apache Software Foundation\Tomcat 5.0\shared\lib\standard.jar;C:\Program Files\Apache Software Foundation\Tomcat 5.0\shared\lib\struts-el.jar;C:\Program Files\Apache Software Foundation\Tomcat 5.0\shared\lib\struts.jar;C:\Program Files\Apache Software Foundation\Tomcat 5.0\shared\lib\subscription.jar;C:\Program Files\Apache Software Foundation\Tomcat 5.0\shared\lib\svnClientAdapter.jar;C:\Program Files\Apache Software Foundation\Tomcat 5.0\shared\lib\svnant.jar;C:\Program Files\Apache Software Foundation\Tomcat 5.0\shared\lib\svnjavahl.jar;C:\Program Files\Apache Software Foundation\Tomcat 5.0\shared\lib\swarmcache-1.0rc2.jar;C:\Program Files\Apache Software Foundation\Tomcat 5.0\shared\lib\syndiag2.jar;C:\Program Files\Apache Software Foundation\Tomcat 5.0\shared\lib\velocity-1.3.1.jar;C:\Program Files\Apache Software Foundation\Tomcat 5.0\shared\lib\velocity-dep.jar;C:\Program Files\Apache Software Foundation\Tomcat 5.0\shared\lib\versioncheck.jar;C:\Program Files\Apache Software Foundation\Tomcat 5.0\shared\lib\webwork-2.1.7.jar;C:\Program Files\Apache Software Foundation\Tomcat 5.0\shared\lib\workflow.jar;C:\Program Files\Apache Software Foundation\Tomcat 5.0\shared\lib\xalan-2.4.0.jar;C:\Program Files\Apache Software Foundation\Tomcat 5.0\shared\lib\xalan.jar;C:\Program Files\Apache Software Foundation\Tomcat 5.0\shared\lib\xerces-2.6.2.jar;C:\Program Files\Apache Software Foundation\Tomcat 5.0\shared\lib\xercesImpl.jar;C:\Program Files\Apache Software Foundation\Tomcat 5.0\shared\lib\xforms.jar;C:\Program Files\Apache Software Foundation\Tomcat 5.0\shared\lib\xml-apis.jar;C:\Program Files\Apache Software Foundation\Tomcat 5.0\shared\lib\xmlParserAPIs.jar;C:\Program Files\Apache Software Foundation\Tomcat 5.0\shared\lib\xwork.jar;C:\file_checkout_dir\csi\lib\commons-collections.jar;C:\file_checkout_dir\csi\lib\commons-lang.jar;C:\file_checkout_dir\csi\lib\commons-logging.jar;C:\file_checkout_dir\csi\lib\junit-3.8.1.jar;C:\file_checkout_dir\csi\lib\ldapbp.jar;C:\file_checkout_dir\csi\lib\log4j-1.2.11.jar;C:\file_checkout_dir\csi\lib\log4j.jar;C:\file_checkout_dir\csi\lib\msbase.jar;C:\file_checkout_dir\csi\lib\mssqlserver.jar;C:\file_checkout_dir\csi\lib\msutil.jar;C:\file_checkout_dir\csi\lib\ojdbc14.jar;C:\file_checkout_dir\csi\lib\spring-beans.jar;C:\file_checkout_dir\csi\lib\spring-context.jar;C:\file_checkout_dir\csi\lib\spring-core.jar;C:\file_checkout_dir\csi\lib\spring-dao.jar;C:\file_checkout_dir\csi\lib\spring-ldap-1.1.2.jar;C:\documentum\shared\All-MB.jar;C:\documentum\shared\DDS.jar;C:\documentum\shared\Dart.jar;C:\documentum\shared\DmcRecords.jar;C:\documentum\shared\XformsCommon.jar;C:\documentum\shared\ant-ext.jar;C:\documentum\shared\ant-launcher.jar;C:\documentum\shared\ant.jar;C:\documentum\shared\bpmutil.jar;C:\documentum\shared\bsf.jar;C:\documentum\shared\castor-0.9.5.2.jar;C:\documentum\shared\ci.jar;C:\documentum\shared\collaboration.jar;C:\documentum\shared\commons-jxpath-1.1.jar;C:\documentum\shared\ctsTransform.jar;C:\documentum\shared\ctsTransformImpl.jar;C:\documentum\shared\dctm.jar;C:\documentum\shared\dfc.jar;C:\documentum\shared\dfcbase.jar;C:\documentum\shared\log4j.jar;C:\documentum\shared\mailhandler.jar;C:\documentum\shared\mailmessage.jar;C:\documentum\shared\messageArchive.jar;C:\documentum\shared\messageService.jar;C:\documentum\shared\subscription.jar;C:\documentum\shared\widgets.jar;C:\documentum\shared\workflow.jar;C:\documentum\shared\wstools.jar;C:\documentum\shared\xalan.jar;C:\documentum\shared\xercesImpl.jar;C:\documentum\shared\xforms.jar;C:\documentum\shared\xml-apis.jar;C:\documentum\shared\xmlParserAPIs.jar;C:\documentum\shared\xtrim-api.jar;C:\file_checkout_dir\lotusapi\junit-3.8.1.jar;C:\eclipse\plugins\org.apache.ant_1.6.5\lib\ant-launcher.jar;C:\eclipse\plugins\org.apache.ant_1.6.5\lib\ant.jar;C:\eclipse\plugins\org.apache.ant_1.6.5\lib\ant-junit.jar"></property>
    <property name="ant.version" value="Apache Ant version 1.6.5 compiled on June 2 2005"></property>
    <property name="documentum.shared" value="C:/documentum/shared"></property>
    <property name="app.name" value="csi"></property>
    <property name="java.vm.specification.name" value="Java Virtual Machine Specification"></property>
    <property name="java.vm.specification.version" value="1.0"></property>
    <property name="catalina.home" value="C:/Program Files/Apache Software Foundation/Tomcat 5.0/"></property>
    <property name="sun.cpu.endian" value="little"></property>
    <property name="sun.os.patch.level" value="Service Pack 2"></property>
    <property name="compile.debug" value="true"></property>
    <property name="eclipse.pdebuild.home" value="/C:/eclipse/plugins/org.eclipse.pde.build_3.2.1.r321_v20060823/./"></property>
    <property name="java.io.tmpdir" value="C:\DOCUME~1\patelr\LOCALS~1\Temp\"></property>
    <property name="dist.home" value="C:\file_checkout_dir\csi/dist"></property>
    <property name="java.vendor.url.bug" value="http://java.sun.com/cgi-bin/bugreport.cgi"></property>
    <property name="os.arch" value="x86"></property>
    <property name="etc.conf.home" value="C:\file_checkout_dir\csi/etc_conf"></property>
    <property name="java.awt.graphicsenv" value="sun.awt.Win32GraphicsEnvironment"></property>
    <property name="java.ext.dirs" value="C:\Program Files\Java\jdk1.6.0_03\jre\lib\ext;C:\WINDOWS\Sun\Java\lib\ext"></property>
    <property name="user.dir" value="C:\file_checkout_dir\csi"></property>
    <property name="line.separator" value="
"></property>
    <property name="java.vm.name" value="Java HotSpot(TM) Client VM"></property>
    <property name="app.version" value="1.0"></property>
    <property name="compile.deprecation" value="false"></property>
    <property name="basedir" value="C:\file_checkout_dir\csi"></property>
    <property name="documentum.config" value="C:/documentum/config"></property>
    <property name="ant.java.version" value="1.5"></property>
    <property name="class.root" value="C:\file_checkout_dir\csi/build/WEB-INF/classes"></property>
    <property name="file.encoding" value="Cp1252"></property>
    <property name="java.specification.version" value="1.6"></property>
  </properties>
  <testcase classname="gov.ymp.csiTest.UNID.TestUHash" name="testLookup" time="0.453"></testcase>
  <system-out><![CDATA[Connection Closed
Connection Closed
]]></system-out>
  <system-err><![CDATA[]]></system-err>
</testsuite>
